app/build/outputs/logs/manifest-merger-debug-report.txt
-- Merging decision tree log ---
manifest
ADDED from src/main/AndroidManifest.xml:2:1-31:12
	package
		ADDED from src/main/AndroidManifest.xml:3:5-45
		INJECTED from src/main/AndroidManifest.xml
		INJECTED from src/main/AndroidManifest.xml
	android:versionName
		INJECTED from src/main/AndroidManifest.xml
		INJECTED from src/main/AndroidManifest.xml
	xmlns:android
		ADDED from src/main/AndroidManifest.xml:2:11-69
	android:versionCode
		INJECTED from src/main/AndroidManifest.xml
		INJECTED from src/main/AndroidManifest.xml
application
ADDED from src/main/AndroidManifest.xml:5:5-29:19
MERGED from [com.android.support.constraint:constraint-layout:1.0.2] AndroidManifest.xml:9:5-20
MERGED from [com.android.support:cardview-v7:26.0.0-alpha1] AndroidManifest.xml:26:5-20
MERGED from [it.sephiroth.android.library.bottomnavigation:bottom-navigation:2.0.1-rc1] AndroidManifest.xml:12:5-20
MERGED from [com.infstory:proguard-annotations:1.0.2] AndroidManifest.xml:11:5-20
MERGED from [com.koushikdutta.ion:ion:2.2.1] AndroidManifest.xml:13:5-14:19
MERGED from [com.koushikdutta.async:androidasync:2.2.1] AndroidManifest.xml:13:5-14:19
MERGED from [com.kaopiz:kprogresshud:1.1.0] AndroidManifest.xml:11:5-13:38
MERGED from [com.github.nirhart:parallaxscroll:1.0] AndroidManifest.xml:11:5-20
MERGED from [com.eminayar.panterdialog:panter-dialog:0.0.2.1] AndroidManifest.xml:11:5-15:19
MERGED from [com.google.android.gms:play-services-maps:9.0.1] AndroidManifest.xml:27:5-20
MERGED from [com.google.android.gms:play-services-base:9.0.1] AndroidManifest.xml:19:5-23:19
MERGED from [com.google.firebase:firebase-common:9.0.1] AndroidManifest.xml:5:5-12:19
MERGED from [com.google.android.gms:play-services-tasks:9.0.1] AndroidManifest.xml:5:5-20
MERGED from [com.google.android.gms:play-services-basement:9.0.1] AndroidManifest.xml:20:5-24:19
MERGED from [com.wrapp.floatlabelededittext:library:0.0.6] AndroidManifest.xml:11:5-20
MERGED from [com.aurelhubert:ahbottomnavigation:2.1.0] AndroidManifest.xml:11:5-20
MERGED from [com.android.support:design:26.0.0-alpha1] AndroidManifest.xml:29:5-20
MERGED from [com.android.support:appcompat-v7:26.0.0-alpha1] AndroidManifest.xml:29:5-20
MERGED from [com.android.support:animated-vector-drawable:26.0.0-alpha1] AndroidManifest.xml:26:5-20
MERGED from [com.android.support:support-vector-drawable:26.0.0-alpha1] AndroidManifest.xml:26:5-20
MERGED from [com.android.support:transition:26.0.0-alpha1] AndroidManifest.xml:26:5-20
MERGED from [com.android.support:support-v4:26.0.0-alpha1] AndroidManifest.xml:29:5-20
MERGED from [com.android.support:support-media-compat:26.0.0-alpha1] AndroidManifest.xml:29:5-20
MERGED from [com.android.support:support-fragment:26.0.0-alpha1] AndroidManifest.xml:29:5-20
MERGED from [com.android.support:support-core-ui:26.0.0-alpha1] AndroidManifest.xml:29:5-20
MERGED from [com.android.support:support-core-utils:26.0.0-alpha1] AndroidManifest.xml:29:5-20
MERGED from [com.android.support:support-compat:26.0.0-alpha1] AndroidManifest.xml:29:5-20
MERGED from [de.hdodenhof:circleimageview:2.1.0] AndroidManifest.xml:9:5-20
MERGED from [com.wdullaer:materialdatetimepicker:3.3.0] AndroidManifest.xml:28:5-20
	android:label
		ADDED from src/main/AndroidManifest.xml:8:9-41
	android:supportsRtl
		ADDED from src/main/AndroidManifest.xml:10:9-35
	android:roundIcon
		ADDED from src/main/AndroidManifest.xml:9:9-54
	android:allowBackup
		ADDED from src/main/AndroidManifest.xml:6:9-35
	android:icon
		ADDED from src/main/AndroidManifest.xml:7:9-43
	android:theme
		ADDED from src/main/AndroidManifest.xml:11:9-40
activity#com.example.yellowsoft.weeelco.SplashActivity
ADDED from src/main/AndroidManifest.xml:12:9-18:20
	android:name
		ADDED from src/main/AndroidManifest.xml:12:19-49
intent-filter#android.intent.action.MAIN+android.intent.category.LAUNCHER
ADDED from src/main/AndroidManifest.xml:13:13-17:29
action#android.intent.action.MAIN
ADDED from src/main/AndroidManifest.xml:14:17-69
	android:name
		ADDED from src/main/AndroidManifest.xml:14:25-66
category#android.intent.category.LAUNCHER
ADDED from src/main/AndroidManifest.xml:16:17-77
	android:name
		ADDED from src/main/AndroidManifest.xml:16:27-74
activity#com.example.yellowsoft.weeelco.MainActivity
ADDED from src/main/AndroidManifest.xml:19:9-96
	android:screenOrientation
		ADDED from src/main/AndroidManifest.xml:19:48-84
	android:name
		ADDED from src/main/AndroidManifest.xml:19:19-47
activity#com.example.yellowsoft.weeelco.CarsActivity
ADDED from src/main/AndroidManifest.xml:20:9-96
	android:screenOrientation
		ADDED from src/main/AndroidManifest.xml:20:48-84
	android:name
		ADDED from src/main/AndroidManifest.xml:20:19-47
activity#com.example.yellowsoft.weeelco.CarDetailsPage
ADDED from src/main/AndroidManifest.xml:21:9-98
	android:screenOrientation
		ADDED from src/main/AndroidManifest.xml:21:50-86
	android:name
		ADDED from src/main/AndroidManifest.xml:21:19-49
activity#com.example.yellowsoft.weeelco.EditProfile
ADDED from src/main/AndroidManifest.xml:22:9-95
	android:screenOrientation
		ADDED from src/main/AndroidManifest.xml:22:47-83
	android:name
		ADDED from src/main/AndroidManifest.xml:22:19-46
activity#com.example.yellowsoft.weeelco.CheckoutActivity
ADDED from src/main/AndroidManifest.xml:23:9-100
	android:screenOrientation
		ADDED from src/main/AndroidManifest.xml:23:52-88
	android:name
		ADDED from src/main/AndroidManifest.xml:23:19-51
activity#com.example.yellowsoft.weeelco.PaymentPage
ADDED from src/main/AndroidManifest.xml:24:9-95
	android:screenOrientation
		ADDED from src/main/AndroidManifest.xml:24:47-83
	android:name
		ADDED from src/main/AndroidManifest.xml:24:19-46
activity#com.example.yellowsoft.weeelco.ThankyouScreen
ADDED from src/main/AndroidManifest.xml:25:9-98
	android:screenOrientation
		ADDED from src/main/AndroidManifest.xml:25:50-86
	android:name
		ADDED from src/main/AndroidManifest.xml:25:19-49
activity#com.example.yellowsoft.weeelco.BookingsOrdersActivity
ADDED from src/main/AndroidManifest.xml:26:9-106
	android:screenOrientation
		ADDED from src/main/AndroidManifest.xml:26:58-94
	android:name
		ADDED from src/main/AndroidManifest.xml:26:19-57
activity#com.example.yellowsoft.weeelco.BookingsOrderDetailPage
ADDED from src/main/AndroidManifest.xml:27:9-107
	android:screenOrientation
		ADDED from src/main/AndroidManifest.xml:27:59-95
	android:name
		ADDED from src/main/AndroidManifest.xml:27:19-58
activity#com.example.yellowsoft.weeelco.LanguageScreen
ADDED from src/main/AndroidManifest.xml:28:9-98
	android:screenOrientation
		ADDED from src/main/AndroidManifest.xml:28:50-86
	android:name
		ADDED from src/main/AndroidManifest.xml:28:19-49
uses-sdk
INJECTED from src/main/AndroidManifest.xml reason: use-sdk injection requested
MERGED from [com.android.support.constraint:constraint-layout:1.0.2] AndroidManifest.xml:5:5-7:41
MERGED from [com.android.support:cardview-v7:26.0.0-alpha1] AndroidManifest.xml:20:5-44
MERGED from [it.sephiroth.android.library.bottomnavigation:bottom-navigation:2.0.1-rc1] AndroidManifest.xml:8:5-10:41
MERGED from [com.infstory:proguard-annotations:1.0.2] AndroidManifest.xml:7:5-9:41
MERGED from [com.koushikdutta.ion:ion:2.2.1] AndroidManifest.xml:7:5-9:41
MERGED from [com.koushikdutta.async:androidasync:2.2.1] AndroidManifest.xml:7:5-9:41
MERGED from [com.kaopiz:kprogresshud:1.1.0] AndroidManifest.xml:7:5-9:41
MERGED from [com.github.nirhart:parallaxscroll:1.0] AndroidManifest.xml:7:5-9:41
MERGED from [com.eminayar.panterdialog:panter-dialog:0.0.2.1] AndroidManifest.xml:7:5-9:41
MERGED from [com.google.android.gms:play-services-maps:9.0.1] AndroidManifest.xml:26:5-42
MERGED from [com.google.android.gms:play-services-base:9.0.1] AndroidManifest.xml:18:5-42
MERGED from [com.google.firebase:firebase-common:9.0.1] AndroidManifest.xml:4:5-43
MERGED from [com.google.android.gms:play-services-tasks:9.0.1] AndroidManifest.xml:4:5-43
MERGED from [com.google.android.gms:play-services-basement:9.0.1] AndroidManifest.xml:18:5-42
MERGED from [com.wrapp.floatlabelededittext:library:0.0.6] AndroidManifest.xml:7:5-9:41
MERGED from [com.aurelhubert:ahbottomnavigation:2.1.0] AndroidManifest.xml:7:5-9:41
MERGED from [com.android.support:design:26.0.0-alpha1] AndroidManifest.xml:21:5-23:62
MERGED from [com.android.support:appcompat-v7:26.0.0-alpha1] AndroidManifest.xml:21:5-23:78
MERGED from [com.android.support:animated-vector-drawable:26.0.0-alpha1] AndroidManifest.xml:20:5-44
MERGED from [com.android.support:support-vector-drawable:26.0.0-alpha1] AndroidManifest.xml:20:5-44
MERGED from [com.android.support:recyclerview-v7:26.0.0-alpha1] AndroidManifest.xml:20:5-44
MERGED from [com.android.support:transition:26.0.0-alpha1] AndroidManifest.xml:20:5-44
MERGED from [com.android.support:support-v4:26.0.0-alpha1] AndroidManifest.xml:21:5-23:54
MERGED from [com.android.support:support-media-compat:26.0.0-alpha1] AndroidManifest.xml:21:5-23:63
MERGED from [com.android.support:support-fragment:26.0.0-alpha1] AndroidManifest.xml:21:5-23:60
MERGED from [com.android.support:support-core-ui:26.0.0-alpha1] AndroidManifest.xml:21:5-23:58
MERGED from [com.android.support:support-core-utils:26.0.0-alpha1] AndroidManifest.xml:21:5-23:61
MERGED from [com.android.support:support-compat:26.0.0-alpha1] AndroidManifest.xml:21:5-23:58
MERGED from [de.hdodenhof:circleimageview:2.1.0] AndroidManifest.xml:5:5-7:41
MERGED from [com.wdullaer:materialdatetimepicker:3.3.0] AndroidManifest.xml:22:5-24:41
	tools:overrideLibrary
		ADDED from [com.android.support:design:26.0.0-alpha1] AndroidManifest.xml:23:9-59
	android:targetSdkVersion
		INJECTED from src/main/AndroidManifest.xml
		INJECTED from src/main/AndroidManifest.xml
	android:minSdkVersion
		INJECTED from src/main/AndroidManifest.xml
		INJECTED from src/main/AndroidManifest.xml
meta-data#android.support.VERSION
ADDED from [com.android.support:cardview-v7:26.0.0-alpha1] AndroidManifest.xml:22:5-24:41
MERGED from [com.android.support:design:26.0.0-alpha1] AndroidManifest.xml:25:5-27:41
MERGED from [com.android.support:appcompat-v7:26.0.0-alpha1] AndroidManifest.xml:25:5-27:41
MERGED from [com.android.support:animated-vector-drawable:26.0.0-alpha1] AndroidManifest.xml:22:5-24:41
MERGED from [com.android.support:support-vector-drawable:26.0.0-alpha1] AndroidManifest.xml:22:5-24:41
MERGED from [com.android.support:recyclerview-v7:26.0.0-alpha1] AndroidManifest.xml:22:5-24:41
MERGED from [com.android.support:transition:26.0.0-alpha1] AndroidManifest.xml:22:5-24:41
MERGED from [com.android.support:support-v4:26.0.0-alpha1] AndroidManifest.xml:25:5-27:41
MERGED from [com.android.support:support-media-compat:26.0.0-alpha1] AndroidManifest.xml:25:5-27:41
MERGED from [com.android.support:support-fragment:26.0.0-alpha1] AndroidManifest.xml:25:5-27:41
MERGED from [com.android.support:support-core-ui:26.0.0-alpha1] AndroidManifest.xml:25:5-27:41
MERGED from [com.android.support:support-core-utils:26.0.0-alpha1] AndroidManifest.xml:25:5-27:41
MERGED from [com.android.support:support-compat:26.0.0-alpha1] AndroidManifest.xml:25:5-27:41
	android:value
		ADDED from [com.android.support:cardview-v7:26.0.0-alpha1] AndroidManifest.xml:24:9-38
	android:name
		ADDED from [com.android.support:cardview-v7:26.0.0-alpha1] AndroidManifest.xml:23:9-47
uses-permission#android.permission.INTERNET
ADDED from [com.koushikdutta.ion:ion:2.2.1] AndroidManifest.xml:11:5-67
MERGED from [com.koushikdutta.async:androidasync:2.2.1] AndroidManifest.xml:11:5-67
MERGED from [com.google.android.gms:play-services-maps:9.0.1] AndroidManifest.xml:21:5-66
	android:name
		ADDED from [com.koushikdutta.ion:ion:2.2.1] AndroidManifest.xml:11:22-64
uses-permission#android.permission.ACCESS_NETWORK_STATE
ADDED from [com.google.android.gms:play-services-maps:9.0.1] AndroidManifest.xml:20:5-78
	android:name
		ADDED from [com.google.android.gms:play-services-maps:9.0.1] AndroidManifest.xml:20:22-76
uses-feature#0x00020000
ADDED from [com.google.android.gms:play-services-maps:9.0.1] AndroidManifest.xml:22:5-24:33
	android:glEsVersion
		ADDED from [com.google.android.gms:play-services-maps:9.0.1] AndroidManifest.xml:23:8-40
	android:required
		ADDED from [com.google.android.gms:play-services-maps:9.0.1] AndroidManifest.xml:24:8-31
activity#com.google.android.gms.common.api.GoogleApiActivity
ADDED from [com.google.android.gms:play-services-base:9.0.1] AndroidManifest.xml:20:9-22:45
	android:exported
		ADDED from [com.google.android.gms:play-services-base:9.0.1] AndroidManifest.xml:22:19-43
	android:theme
		ADDED from [com.google.android.gms:play-services-base:9.0.1] AndroidManifest.xml:21:19-78
	android:name
		ADDED from [com.google.android.gms:play-services-base:9.0.1] AndroidManifest.xml:20:19-85
provider#com.google.firebase.provider.FirebaseInitProvider
ADDED from [com.google.firebase:firebase-common:9.0.1] AndroidManifest.xml:7:9-11:39
	android:authorities
		ADDED from [com.google.firebase:firebase-common:9.0.1] AndroidManifest.xml:8:13-72
	android:exported
		ADDED from [com.google.firebase:firebase-common:9.0.1] AndroidManifest.xml:10:13-37
	android:initOrder
		ADDED from [com.google.firebase:firebase-common:9.0.1] AndroidManifest.xml:11:13-36
	android:name
		ADDED from [com.google.firebase:firebase-common:9.0.1] AndroidManifest.xml:9:13-58
meta-data#com.google.android.gms.version
ADDED from [com.google.android.gms:play-services-basement:9.0.1] AndroidManifest.xml:21:9-23:69
	android:value
		ADDED from [com.google.android.gms:play-services-basement:9.0.1] AndroidManifest.xml:23:13-66
	android:name
		ADDED from [com.google.android.gms:play-services-basement:9.0.1] AndroidManifest.xml:22:13-58
uses-permission#android.permission.VIBRATE
ADDED from [com.wdullaer:materialdatetimepicker:3.3.0] AndroidManifest.xml:26:5-66
	android:name
		ADDED from [com.wdullaer:materialdatetimepicker:3.3.0] AndroidManifest.xml:26:22-63